Using pre-set license
Built from '2021.3/staging' branch; Version is '2021.3.19f1 (c9714fde33b6) revision 13201743'; Using compiler version '192829333'; Build Type 'Release'
OS: 'Windows 10  (10.0.19045) 64bit Education' Language: 'en' Physical Memory: 16196 MB
BatchMode: 1, IsHumanControllingUs: 0, StartBugReporterOnCrash: 0, Is64bit: 1, IsPro: 1

COMMAND LINE ARGUMENTS:
C:\Program Files\Unity\Hub\Editor\2021.3.19f1\Editor\Unity.exe
-adb2
-batchMode
-noUpm
-name
AssetImportWorker0
-projectPath
C:/Users/Dell/Documents/Mywork/Lab CAG
-logFile
Logs/AssetImportWorker0.log
-srvPort
50753
Successfully changed project path to: C:/Users/Dell/Documents/Mywork/Lab CAG
C:/Users/Dell/Documents/Mywork/Lab CAG
[UnityMemory] Configuration Parameters - Can be set up in boot.config
    "memorysetup-bucket-allocator-granularity=16"
    "memorysetup-bucket-allocator-bucket-count=8"
    "memorysetup-bucket-allocator-block-size=33554432"
    "memorysetup-bucket-allocator-block-count=8"
    "memorysetup-main-allocator-block-size=16777216"
    "memorysetup-thread-allocator-block-size=16777216"
    "memorysetup-gfx-main-allocator-block-size=16777216"
    "memorysetup-gfx-thread-allocator-block-size=16777216"
    "memorysetup-cache-allocator-block-size=4194304"
    "memorysetup-typetree-allocator-block-size=2097152"
    "memorysetup-profiler-bucket-allocator-granularity=16"
    "memorysetup-profiler-bucket-allocator-bucket-count=8"
    "memorysetup-profiler-bucket-allocator-block-size=33554432"
    "memorysetup-profiler-bucket-allocator-block-count=8"
    "memorysetup-profiler-allocator-block-size=16777216"
    "memorysetup-profiler-editor-allocator-block-size=1048576"
    "memorysetup-temp-allocator-size-main=16777216"
    "memorysetup-job-temp-allocator-block-size=2097152"
    "memorysetup-job-temp-allocator-block-size-background=1048576"
    "memorysetup-job-temp-allocator-reduction-small-platforms=262144"
    "memorysetup-temp-allocator-size-background-worker=32768"
    "memorysetup-temp-allocator-size-job-worker=262144"
    "memorysetup-temp-allocator-size-preload-manager=33554432"
    "memorysetup-temp-allocator-size-nav-mesh-worker=65536"
    "memorysetup-temp-allocator-size-audio-worker=65536"
    "memorysetup-temp-allocator-size-cloud-worker=32768"
    "memorysetup-temp-allocator-size-gi-baking-worker=262144"
    "memorysetup-temp-allocator-size-gfx=262144"
Player connection [16640] Host "[IP] 10.150.43.205 [Port] 0 [Flags] 2 [Guid] 2031854393 [EditorId] 2031854393 [Version] 1048832 [Id] WindowsEditor(7,DESKTOP-L2FVF0J) [Debug] 1 [PackageName] WindowsEditor [ProjectName] Editor" joined multi-casting on [225.0.0.222:54997]...

Player connection [16640] Host "[IP] 10.150.43.205 [Port] 0 [Flags] 2 [Guid] 2031854393 [EditorId] 2031854393 [Version] 1048832 [Id] WindowsEditor(7,DESKTOP-L2FVF0J) [Debug] 1 [PackageName] WindowsEditor [ProjectName] Editor" joined alternative multi-casting on [225.0.0.222:34997]...

Refreshing native plugins compatible for Editor in 100.18 ms, found 3 plugins.
Preloading 0 native plugins for Editor in 0.00 ms.
Initialize engine version: 2021.3.19f1 (c9714fde33b6)
[Subsystems] Discovering subsystems at path C:/Program Files/Unity/Hub/Editor/2021.3.19f1/Editor/Data/Resources/UnitySubsystems
[Subsystems] Discovering subsystems at path C:/Users/Dell/Documents/Mywork/Lab CAG/Assets
GfxDevice: creating device client; threaded=0; jobified=0
Direct3D:
    Version:  Direct3D 11.0 [level 11.1]
    Renderer: NVIDIA GeForce RTX 2060 (ID=0x1f11)
    Vendor:   NVIDIA
    VRAM:     5968 MB
    Driver:   31.0.15.3209
Initialize mono
Mono path[0] = 'C:/Program Files/Unity/Hub/Editor/2021.3.19f1/Editor/Data/Managed'
Mono path[1] = 'C:/Program Files/Unity/Hub/Editor/2021.3.19f1/Editor/Data/MonoBleedingEdge/lib/mono/unityjit-win32'
Mono config path = 'C:/Program Files/Unity/Hub/Editor/2021.3.19f1/Editor/Data/MonoBleedingEdge/etc'
Using monoOptions --debugger-agent=transport=dt_socket,embedding=1,server=y,suspend=n,address=127.0.0.1:56412
Begin MonoManager ReloadAssembly
Registering precompiled unity dll's ...
Register platform support module: C:/Program Files/Unity/Hub/Editor/2021.3.19f1/Editor/Data/PlaybackEngines/WindowsStandaloneSupport/UnityEditor.WindowsStandalone.Extensions.dll
Registered in 0.013456 seconds.
Native extension for WindowsStandalone target not found
Refreshing native plugins compatible for Editor in 126.50 ms, found 3 plugins.
Preloading 0 native plugins for Editor in 0.00 ms.
Mono: successfully reloaded assembly
- Completed reload, in  1.001 seconds
Domain Reload Profiling:
	ReloadAssembly (1002ms)
		BeginReloadAssembly (126ms)
			ExecutionOrderSort (0ms)
			DisableScriptedObjects (0ms)
			BackupInstance (0ms)
			ReleaseScriptingObjects (0ms)
			CreateAndSetChildDomain (1ms)
		EndReloadAssembly (711ms)
			LoadAssemblies (121ms)
			RebuildTransferFunctionScriptingTraits (0ms)
			SetupTypeCache (146ms)
			ReleaseScriptCaches (0ms)
			RebuildScriptCaches (49ms)
			SetupLoadedEditorAssemblies (436ms)
				LogAssemblyErrors (0ms)
				InitializePlatformSupportModulesInManaged (13ms)
				SetLoadedEditorAssemblies (0ms)
				RefreshPlugins (127ms)
				BeforeProcessingInitializeOnLoad (2ms)
				ProcessInitializeOnLoadAttributes (232ms)
				ProcessInitializeOnLoadMethodAttributes (62ms)
				AfterProcessingInitializeOnLoad (0ms)
				EditorAssembliesLoaded (0ms)
			ExecutionOrderSort2 (0ms)
			AwakeInstancesAfterBackupRestoration (0ms)
Platform modules already initialized, skipping
Registering precompiled user dll's ...
Registered in 0.008711 seconds.
Begin MonoManager ReloadAssembly
Symbol file LoadedFromMemory doesn't match image C:\Users\Dell\Documents\Mywork\Lab CAG\Library\PackageCache\com.unity.visualscripting@1.8.0\Editor\VisualScripting.Core\Dependencies\YamlDotNet\Unity.VisualScripting.YamlDotNet.dll
Symbol file LoadedFromMemory doesn't match image C:\Users\Dell\Documents\Mywork\Lab CAG\Library\PackageCache\com.unity.visualscripting@1.8.0\Editor\VisualScripting.Core\Dependencies\DotNetZip\Unity.VisualScripting.IonicZip.dll
Native extension for WindowsStandalone target not found
Refreshing native plugins compatible for Editor in 0.60 ms, found 3 plugins.
Preloading 0 native plugins for Editor in 0.00 ms.
Mono: successfully reloaded assembly
- Completed reload, in  1.670 seconds
Domain Reload Profiling:
	ReloadAssembly (1672ms)
		BeginReloadAssembly (236ms)
			ExecutionOrderSort (0ms)
			DisableScriptedObjects (11ms)
			BackupInstance (0ms)
			ReleaseScriptingObjects (0ms)
			CreateAndSetChildDomain (39ms)
		EndReloadAssembly (1211ms)
			LoadAssemblies (173ms)
			RebuildTransferFunctionScriptingTraits (0ms)
			SetupTypeCache (458ms)
			ReleaseScriptCaches (1ms)
			RebuildScriptCaches (72ms)
			SetupLoadedEditorAssemblies (496ms)
				LogAssemblyErrors (0ms)
				InitializePlatformSupportModulesInManaged (8ms)
				SetLoadedEditorAssemblies (0ms)
				RefreshPlugins (1ms)
				BeforeProcessingInitializeOnLoad (109ms)
				ProcessInitializeOnLoadAttributes (335ms)
				ProcessInitializeOnLoadMethodAttributes (28ms)
				AfterProcessingInitializeOnLoad (15ms)
				EditorAssembliesLoaded (0ms)
			ExecutionOrderSort2 (0ms)
			AwakeInstancesAfterBackupRestoration (7ms)
Platform modules already initialized, skipping
========================================================================
Worker process is ready to serve import requests
Launched and connected shader compiler UnityShaderCompiler.exe after 0.08 seconds
Refreshing native plugins compatible for Editor in 1.15 ms, found 3 plugins.
Preloading 0 native plugins for Editor in 0.00 ms.
Unloading 3047 Unused Serialized files (Serialized files now loaded: 0)
Unloading 24 unused Assets / (113.4 KB). Loaded Objects now: 3507.
Memory consumption went from 107.5 MB to 107.4 MB.
Total: 7.424600 ms (FindLiveObjects: 0.383900 ms CreateObjectMapping: 0.280800 ms MarkObjects: 6.561900 ms  DeleteObjects: 0.196400 ms)

AssetImportParameters requested are different than current active one (requested -> active):
  custom:video-decoder-ogg-theora: a1e56fd34408186e4bbccfd4996cb3dc -> 
  custom:container-muxer-webm: aa71ff27fc2769a1b78a27578f13a17b -> 
  custom:container-demuxer-webm: 4f35f7cbe854078d1ac9338744f61a02 -> 
  custom:video-encoder-webm-vp8: eb34c28f22e8b96e1ab97ce403110664 -> 
  custom:audio-encoder-webm-vorbis: bf7c407c2cedff20999df2af8eb42d56 -> 
  custom:framework-win-MediaFoundation: 216162199b28c13a410421893ffa2e32 -> 
  custom:container-demuxer-ogg: 62fdf1f143b41e24485cea50d1cbac27 -> 
  custom:video-decoder-webm-vp8: 9c59270c3fd7afecdb556c50c9e8de78 -> 
  custom:audio-decoder-ogg-vorbis: bf7c407c2cedff20999df2af8eb42d56 -> 
========================================================================
Received Import Request.
  Time since last request: 240975.713756 seconds.
  path: Assets/Scenes/CatBorg Studio
  artifactKey: Guid(9e0871e2f25f16c479516ec695dba897) Importer(815301076,1909f56bfc062723c751e8b465ee728b)
Start importing Assets/Scenes/CatBorg Studio using Guid(9e0871e2f25f16c479516ec695dba897) Importer(815301076,1909f56bfc062723c751e8b465ee728b)  -> (artifact id: '05086122f5243fab964691463ba1a0a9') in 0.010320 seconds 
========================================================================
Received Import Request.
  Time since last request: 5.102078 seconds.
  path: Assets/Scenes/CatBorg Studio/3D Dungeon Lowpoly Pack/Prefabs
  artifactKey: Guid(db1890757dba3cc4488373b83a0dd127) Importer(815301076,1909f56bfc062723c751e8b465ee728b)
Start importing Assets/Scenes/CatBorg Studio/3D Dungeon Lowpoly Pack/Prefabs using Guid(db1890757dba3cc4488373b83a0dd127) Importer(815301076,1909f56bfc062723c751e8b465ee728b)  -> (artifact id: 'a24b3e705c4df0a8460599e7cd82f272') in 0.002672 seconds 
========================================================================
Received Import Request.
  Time since last request: 0.002474 seconds.
  path: Assets/Scenes/CatBorg Studio/3D Dungeon Lowpoly Pack/Prefabs/01_DiningHall_01_Bottle#1.prefab
  artifactKey: Guid(7587bd0edf0376344ac9bc85565f8c37) Importer(815301076,1909f56bfc062723c751e8b465ee728b)
Start importing Assets/Scenes/CatBorg Studio/3D Dungeon Lowpoly Pack/Prefabs/01_DiningHall_01_Bottle#1.prefab using Guid(7587bd0edf0376344ac9bc85565f8c37) Importer(815301076,1909f56bfc062723c751e8b465ee728b)  -> (artifact id: '22806c2e0009ecf0579de015740824e0') in 0.616814 seconds 
========================================================================
Received Import Request.
  Time since last request: 0.000032 seconds.
  path: Assets/Scenes/CatBorg Studio/3D Dungeon Lowpoly Pack/Prefabs/01_Library_01_Desk#1.prefab
  artifactKey: Guid(d9691ccd0f8b8614aba757fa4b4cdf8b) Importer(815301076,1909f56bfc062723c751e8b465ee728b)
Start importing Assets/Scenes/CatBorg Studio/3D Dungeon Lowpoly Pack/Prefabs/01_Library_01_Desk#1.prefab using Guid(d9691ccd0f8b8614aba757fa4b4cdf8b) Importer(815301076,1909f56bfc062723c751e8b465ee728b)  -> (artifact id: '34cc3a5d44d7d6345b394ef2cc2fdc20') in 0.019753 seconds 
========================================================================
Received Import Request.
  Time since last request: 0.000039 seconds.
  path: Assets/Scenes/CatBorg Studio/3D Dungeon Lowpoly Pack/Prefabs/01_Library_01_Desk#2.prefab
  artifactKey: Guid(ac35cb5061595e34a86fde87ec12288b) Importer(815301076,1909f56bfc062723c751e8b465ee728b)
Start importing Assets/Scenes/CatBorg Studio/3D Dungeon Lowpoly Pack/Prefabs/01_Library_01_Desk#2.prefab using Guid(ac35cb5061595e34a86fde87ec12288b) Importer(815301076,1909f56bfc062723c751e8b465ee728b)  -> (artifact id: 'd3cdc29cd46d64d7c3ac8ce55d6ab436') in 0.018443 seconds 
========================================================================
Received Import Request.
  Time since last request: 0.000044 seconds.
  path: Assets/Scenes/CatBorg Studio/3D Dungeon Lowpoly Pack/Prefabs/01_DiningHall_01_WoodenChear#1.prefab
  artifactKey: Guid(25064d002c993d9409c0698a78930b1f) Importer(815301076,1909f56bfc062723c751e8b465ee728b)
Start importing Assets/Scenes/CatBorg Studio/3D Dungeon Lowpoly Pack/Prefabs/01_DiningHall_01_WoodenChear#1.prefab using Guid(25064d002c993d9409c0698a78930b1f) Importer(815301076,1909f56bfc062723c751e8b465ee728b)  -> (artifact id: 'b959b707e4849821fa7883b2caaf6724') in 0.236358 seconds 
========================================================================
Received Import Request.
  Time since last request: 0.000023 seconds.
  path: Assets/Scenes/CatBorg Studio/3D Dungeon Lowpoly Pack/Prefabs/02_Kitchen_01_SpoonBucket.prefab
  artifactKey: Guid(70aff6ca55ad79544b118701d9ec1295) Importer(815301076,1909f56bfc062723c751e8b465ee728b)
Start importing Assets/Scenes/CatBorg Studio/3D Dungeon Lowpoly Pack/Prefabs/02_Kitchen_01_SpoonBucket.prefab using Guid(70aff6ca55ad79544b118701d9ec1295) Importer(815301076,1909f56bfc062723c751e8b465ee728b)  -> (artifact id: 'de466ae78cd86b295237431094771bf8') in 0.014164 seconds 
========================================================================
Received Import Request.
  Time since last request: 0.000029 seconds.
  path: Assets/Scenes/CatBorg Studio/3D Dungeon Lowpoly Pack/Prefabs/01_DiningHall_01_Bowl#2.prefab
  artifactKey: Guid(537fca49233300e4c9196e5a7fab121b) Importer(815301076,1909f56bfc062723c751e8b465ee728b)
Start importing Assets/Scenes/CatBorg Studio/3D Dungeon Lowpoly Pack/Prefabs/01_DiningHall_01_Bowl#2.prefab using Guid(537fca49233300e4c9196e5a7fab121b) Importer(815301076,1909f56bfc062723c751e8b465ee728b)  -> (artifact id: '5f06d6e47faba12ae88d6413d165780d') in 0.013371 seconds 
========================================================================
Received Import Request.
  Time since last request: 0.000026 seconds.
  path: Assets/Scenes/CatBorg Studio/3D Dungeon Lowpoly Pack/Prefabs/01_Library_01_Chear_High#2.prefab
  artifactKey: Guid(d23f889ee6731c448a8b0d59b4ee8088) Importer(815301076,1909f56bfc062723c751e8b465ee728b)
Start importing Assets/Scenes/CatBorg Studio/3D Dungeon Lowpoly Pack/Prefabs/01_Library_01_Chear_High#2.prefab using Guid(d23f889ee6731c448a8b0d59b4ee8088) Importer(815301076,1909f56bfc062723c751e8b465ee728b)  -> (artifact id: '3a25b7f3e05d5fd7c68239cb6fba6b8d') in 0.013699 seconds 
========================================================================
Received Import Request.
  Time since last request: 0.000048 seconds.
  path: Assets/Scenes/CatBorg Studio/3D Dungeon Lowpoly Pack/Prefabs/02_Kitchen_01_CookingPot#3.prefab
  artifactKey: Guid(2aa6286db4bf6c24ba9c943b1b942f94) Importer(815301076,1909f56bfc062723c751e8b465ee728b)
Start importing Assets/Scenes/CatBorg Studio/3D Dungeon Lowpoly Pack/Prefabs/02_Kitchen_01_CookingPot#3.prefab using Guid(2aa6286db4bf6c24ba9c943b1b942f94) Importer(815301076,1909f56bfc062723c751e8b465ee728b)  -> (artifact id: '3ceca4e72ef207a0a432ecd2ca6dd8a2') in 0.013679 seconds 
========================================================================
Received Import Request.
  Time since last request: 0.000028 seconds.
  path: Assets/Scenes/CatBorg Studio/3D Dungeon Lowpoly Pack/Prefabs/02_Kitchen_01_CuttingBoard#2.prefab
  artifactKey: Guid(3b4da24dd8e66214c9d50248a0effe83) Importer(815301076,1909f56bfc062723c751e8b465ee728b)
Start importing Assets/Scenes/CatBorg Studio/3D Dungeon Lowpoly Pack/Prefabs/02_Kitchen_01_CuttingBoard#2.prefab using Guid(3b4da24dd8e66214c9d50248a0effe83) Importer(815301076,1909f56bfc062723c751e8b465ee728b)  -> (artifact id: 'fc7ebfc8761bd24e3ca1e48e2da9b888') in 0.016391 seconds 
========================================================================
Received Import Request.
  Time since last request: 0.000045 seconds.
  path: Assets/Scenes/CatBorg Studio/3D Dungeon Lowpoly Pack/Prefabs/01_Library_01_BookShelve_2.prefab
  artifactKey: Guid(29b8208c0e96a224ba307748030ef061) Importer(815301076,1909f56bfc062723c751e8b465ee728b)
Start importing Assets/Scenes/CatBorg Studio/3D Dungeon Lowpoly Pack/Prefabs/01_Library_01_BookShelve_2.prefab using Guid(29b8208c0e96a224ba307748030ef061) Importer(815301076,1909f56bfc062723c751e8b465ee728b)  -> (artifact id: '00e102d5c978170ac0f42bb95da20fa4') in 0.016006 seconds 
========================================================================
Received Import Request.
  Time since last request: 0.000028 seconds.
  path: Assets/Scenes/CatBorg Studio/3D Dungeon Lowpoly Pack/Prefabs/01_DiningHall_01_Cup#2.prefab
  artifactKey: Guid(c64bf04713b5e0549b27844ba6bfc9c9) Importer(815301076,1909f56bfc062723c751e8b465ee728b)
Start importing Assets/Scenes/CatBorg Studio/3D Dungeon Lowpoly Pack/Prefabs/01_DiningHall_01_Cup#2.prefab using Guid(c64bf04713b5e0549b27844ba6bfc9c9) Importer(815301076,1909f56bfc062723c751e8b465ee728b)  -> (artifact id: 'a28a153bc701ce22cef4144b3335a69d') in 0.012736 seconds 
========================================================================
Received Import Request.
  Time since last request: 0.000027 seconds.
  path: Assets/Scenes/CatBorg Studio/3D Dungeon Lowpoly Pack/Prefabs/01_Library_01_BookSmall_Green.prefab
  artifactKey: Guid(8644e36a4e3c34f4d9fcc44f7fcd7f7a) Importer(815301076,1909f56bfc062723c751e8b465ee728b)
Start importing Assets/Scenes/CatBorg Studio/3D Dungeon Lowpoly Pack/Prefabs/01_Library_01_BookSmall_Green.prefab using Guid(8644e36a4e3c34f4d9fcc44f7fcd7f7a) Importer(815301076,1909f56bfc062723c751e8b465ee728b)  -> (artifact id: '2a0444ce647f2b46ac96e187d3126e84') in 0.011411 seconds 
========================================================================
Received Import Request.
  Time since last request: 0.000070 seconds.
  path: Assets/Scenes/CatBorg Studio/3D Dungeon Lowpoly Pack/Prefabs/01_Library_01_BookSmall_Purple.prefab
  artifactKey: Guid(06da729a12d15bd4ea5ab273ba5c2a7e) Importer(815301076,1909f56bfc062723c751e8b465ee728b)
Start importing Assets/Scenes/CatBorg Studio/3D Dungeon Lowpoly Pack/Prefabs/01_Library_01_BookSmall_Purple.prefab using Guid(06da729a12d15bd4ea5ab273ba5c2a7e) Importer(815301076,1909f56bfc062723c751e8b465ee728b)  -> (artifact id: 'cfc318d956cc1d135777bdd2a0dfb089') in 0.012827 seconds 
========================================================================
Received Import Request.
  Time since last request: 0.000058 seconds.
  path: Assets/Scenes/CatBorg Studio/3D Dungeon Lowpoly Pack/Prefabs/01_Library_01_BigBook#2.prefab
  artifactKey: Guid(ea1ae5b942b07ec4f8711a685f84ca24) Importer(815301076,1909f56bfc062723c751e8b465ee728b)
Start importing Assets/Scenes/CatBorg Studio/3D Dungeon Lowpoly Pack/Prefabs/01_Library_01_BigBook#2.prefab using Guid(ea1ae5b942b07ec4f8711a685f84ca24) Importer(815301076,1909f56bfc062723c751e8b465ee728b)  -> (artifact id: '8cfbfb5d53a9b5582699f5ce904b0ef3') in 0.013307 seconds 
========================================================================
Received Import Request.
  Time since last request: 0.000021 seconds.
  path: Assets/Scenes/CatBorg Studio/3D Dungeon Lowpoly Pack/Prefabs/01_DiningHall_01_WoodenTable#1.prefab
  artifactKey: Guid(dc9b885602f11ae4b81c7749b464e6dc) Importer(815301076,1909f56bfc062723c751e8b465ee728b)
Start importing Assets/Scenes/CatBorg Studio/3D Dungeon Lowpoly Pack/Prefabs/01_DiningHall_01_WoodenTable#1.prefab using Guid(dc9b885602f11ae4b81c7749b464e6dc) Importer(815301076,1909f56bfc062723c751e8b465ee728b)  -> (artifact id: '496236736c681c0deba4ffbf86cd575d') in 0.014691 seconds 
========================================================================
Received Import Request.
  Time since last request: 0.000026 seconds.
  path: Assets/Scenes/CatBorg Studio/3D Dungeon Lowpoly Pack/Prefabs/01_Library_01_BookSmall_Red.prefab
  artifactKey: Guid(617d2e0fb14387b4799c14f966e47054) Importer(815301076,1909f56bfc062723c751e8b465ee728b)
Start importing Assets/Scenes/CatBorg Studio/3D Dungeon Lowpoly Pack/Prefabs/01_Library_01_BookSmall_Red.prefab using Guid(617d2e0fb14387b4799c14f966e47054) Importer(815301076,1909f56bfc062723c751e8b465ee728b)  -> (artifact id: '330971409e4fb4c68ff8d1239bd77b44') in 0.014127 seconds 
========================================================================
Received Import Request.
  Time since last request: 0.000035 seconds.
  path: Assets/Scenes/CatBorg Studio/3D Dungeon Lowpoly Pack/Prefabs/02_Kitchen_01_CookingPot#2.prefab
  artifactKey: Guid(3e949684ea4f4744d8394630ed256f96) Importer(815301076,1909f56bfc062723c751e8b465ee728b)
Start importing Assets/Scenes/CatBorg Studio/3D Dungeon Lowpoly Pack/Prefabs/02_Kitchen_01_CookingPot#2.prefab using Guid(3e949684ea4f4744d8394630ed256f96) Importer(815301076,1909f56bfc062723c751e8b465ee728b)  -> (artifact id: '3967ad44088d335c16c1261378f84990') in 0.011805 seconds 
========================================================================
Received Import Request.
  Time since last request: 0.000022 seconds.
  path: Assets/Scenes/CatBorg Studio/3D Dungeon Lowpoly Pack/Prefabs/01_DiningHall_01_Bowl#1.prefab
  artifactKey: Guid(6e86b822bb8d54542ac1e3cf1972452c) Importer(815301076,1909f56bfc062723c751e8b465ee728b)
Start importing Assets/Scenes/CatBorg Studio/3D Dungeon Lowpoly Pack/Prefabs/01_DiningHall_01_Bowl#1.prefab using Guid(6e86b822bb8d54542ac1e3cf1972452c) Importer(815301076,1909f56bfc062723c751e8b465ee728b)  -> (artifact id: '071a46b20f42b53bf768c38ae0da2777') in 0.011364 seconds 
========================================================================
Received Import Request.
  Time since last request: 0.000025 seconds.
  path: Assets/Scenes/CatBorg Studio/3D Dungeon Lowpoly Pack/Prefabs/01_DiningHall_01_Cup#1.prefab
  artifactKey: Guid(76439eb344aa1f8459ecde9f54affbef) Importer(815301076,1909f56bfc062723c751e8b465ee728b)
Start importing Assets/Scenes/CatBorg Studio/3D Dungeon Lowpoly Pack/Prefabs/01_DiningHall_01_Cup#1.prefab using Guid(76439eb344aa1f8459ecde9f54affbef) Importer(815301076,1909f56bfc062723c751e8b465ee728b)  -> (artifact id: 'dd0659a8661eb591767127d04ea1a5cf') in 0.012490 seconds 
========================================================================
Received Import Request.
  Time since last request: 0.000022 seconds.
  path: Assets/Scenes/CatBorg Studio/3D Dungeon Lowpoly Pack/Prefabs/01_DiningHall_01_WoodenChear#2.prefab
  artifactKey: Guid(ebc4a50eb5c187947817efb7f3d72924) Importer(815301076,1909f56bfc062723c751e8b465ee728b)
Start importing Assets/Scenes/CatBorg Studio/3D Dungeon Lowpoly Pack/Prefabs/01_DiningHall_01_WoodenChear#2.prefab using Guid(ebc4a50eb5c187947817efb7f3d72924) Importer(815301076,1909f56bfc062723c751e8b465ee728b)  -> (artifact id: 'f4cfd5ca360a94f4b635fe3ed7e3dac8') in 0.010385 seconds 
========================================================================
Received Import Request.
  Time since last request: 0.000030 seconds.
  path: Assets/Scenes/CatBorg Studio/3D Dungeon Lowpoly Pack/Prefabs/02_Kitchen_01_Chopper.prefab
  artifactKey: Guid(5c3b2f97e5ae4a542b61db3ba11403ff) Importer(815301076,1909f56bfc062723c751e8b465ee728b)
Start importing Assets/Scenes/CatBorg Studio/3D Dungeon Lowpoly Pack/Prefabs/02_Kitchen_01_Chopper.prefab using Guid(5c3b2f97e5ae4a542b61db3ba11403ff) Importer(815301076,1909f56bfc062723c751e8b465ee728b)  -> (artifact id: 'e3cdc617324c0d92bb3f79b69cc0425f') in 0.013050 seconds 
========================================================================
Received Import Request.
  Time since last request: 0.000022 seconds.
  path: Assets/Scenes/CatBorg Studio/3D Dungeon Lowpoly Pack/Prefabs/01_Library_01_BigBook#1.prefab
  artifactKey: Guid(0e192ae82376e1f40a809e236fd8f192) Importer(815301076,1909f56bfc062723c751e8b465ee728b)
Start importing Assets/Scenes/CatBorg Studio/3D Dungeon Lowpoly Pack/Prefabs/01_Library_01_BigBook#1.prefab using Guid(0e192ae82376e1f40a809e236fd8f192) Importer(815301076,1909f56bfc062723c751e8b465ee728b)  -> (artifact id: '7d5254f3a8acdfa11260d9d61779c599') in 0.011565 seconds 
========================================================================
Received Import Request.
  Time since last request: 0.000021 seconds.
  path: Assets/Scenes/CatBorg Studio/3D Dungeon Lowpoly Pack/Prefabs/02_Kitchen_01_CookingPot#1.prefab
  artifactKey: Guid(16dfe05c8ffa4d84681d7cd84ab17842) Importer(815301076,1909f56bfc062723c751e8b465ee728b)
Start importing Assets/Scenes/CatBorg Studio/3D Dungeon Lowpoly Pack/Prefabs/02_Kitchen_01_CookingPot#1.prefab using Guid(16dfe05c8ffa4d84681d7cd84ab17842) Importer(815301076,1909f56bfc062723c751e8b465ee728b)  -> (artifact id: '7cd560032e15b035c950fd3db9ab9065') in 0.013089 seconds 
========================================================================
Received Import Request.
  Time since last request: 0.000023 seconds.
  path: Assets/Scenes/CatBorg Studio/3D Dungeon Lowpoly Pack/Prefabs/01_Library_01_BookSmall_Blue.prefab
  artifactKey: Guid(8d528f1f06160e04d82fccf81a336cd0) Importer(815301076,1909f56bfc062723c751e8b465ee728b)
Start importing Assets/Scenes/CatBorg Studio/3D Dungeon Lowpoly Pack/Prefabs/01_Library_01_BookSmall_Blue.prefab using Guid(8d528f1f06160e04d82fccf81a336cd0) Importer(815301076,1909f56bfc062723c751e8b465ee728b)  -> (artifact id: 'b231cb1ae0bd98893998107b940fb4f5') in 0.013195 seconds 
========================================================================
Received Import Request.
  Time since last request: 0.000029 seconds.
  path: Assets/Scenes/CatBorg Studio/3D Dungeon Lowpoly Pack/Prefabs/01_Library_01_BookShelve_1.prefab
  artifactKey: Guid(34883640f89bba84885fe5885c21fa37) Importer(815301076,1909f56bfc062723c751e8b465ee728b)
Start importing Assets/Scenes/CatBorg Studio/3D Dungeon Lowpoly Pack/Prefabs/01_Library_01_BookShelve_1.prefab using Guid(34883640f89bba84885fe5885c21fa37) Importer(815301076,1909f56bfc062723c751e8b465ee728b)  -> (artifact id: '22d58f50e1f1ff32b3cbbdf3807cdca6') in 0.010080 seconds 
========================================================================
Received Import Request.
  Time since last request: 0.000025 seconds.
  path: Assets/Scenes/CatBorg Studio/3D Dungeon Lowpoly Pack/Prefabs/01_Library_01_InkWell#1.prefab
  artifactKey: Guid(2f570eda51c25004f9aa924d657af75c) Importer(815301076,1909f56bfc062723c751e8b465ee728b)
Start importing Assets/Scenes/CatBorg Studio/3D Dungeon Lowpoly Pack/Prefabs/01_Library_01_InkWell#1.prefab using Guid(2f570eda51c25004f9aa924d657af75c) Importer(815301076,1909f56bfc062723c751e8b465ee728b)  -> (artifact id: 'e3706ece954ce725cc0dca37effdf4b8') in 0.017787 seconds 
========================================================================
Received Import Request.
  Time since last request: 0.000033 seconds.
  path: Assets/Scenes/CatBorg Studio/3D Dungeon Lowpoly Pack/Prefabs/01_Library_01_Candle#1.prefab
  artifactKey: Guid(a499bf0d3ec66534e8ea7e26047d2fea) Importer(815301076,1909f56bfc062723c751e8b465ee728b)
Start importing Assets/Scenes/CatBorg Studio/3D Dungeon Lowpoly Pack/Prefabs/01_Library_01_Candle#1.prefab using Guid(a499bf0d3ec66534e8ea7e26047d2fea) Importer(815301076,1909f56bfc062723c751e8b465ee728b)  -> (artifact id: '992949aeb3c22c3ced988effcd117f05') in 0.010850 seconds 
========================================================================
Received Import Request.
  Time since last request: 0.000022 seconds.
  path: Assets/Scenes/CatBorg Studio/3D Dungeon Lowpoly Pack/Prefabs/01_DiningHall_01_Candels#1.prefab
  artifactKey: Guid(842a752523ece6c4996c2c95378a4536) Importer(815301076,1909f56bfc062723c751e8b465ee728b)
Start importing Assets/Scenes/CatBorg Studio/3D Dungeon Lowpoly Pack/Prefabs/01_DiningHall_01_Candels#1.prefab using Guid(842a752523ece6c4996c2c95378a4536) Importer(815301076,1909f56bfc062723c751e8b465ee728b)  -> (artifact id: '6615a9339a1f8126bd6a4787c995f318') in 0.009633 seconds 
========================================================================
Received Import Request.
  Time since last request: 20.748884 seconds.
  path: Assets/Scenes/CatBorg Studio/3D Dungeon Lowpoly Pack/Prefabs/03_Blacksmith_01_Anvil.prefab
  artifactKey: Guid(6c4f80978ba9d5643881d5508aee3dba) Importer(815301076,1909f56bfc062723c751e8b465ee728b)
Start importing Assets/Scenes/CatBorg Studio/3D Dungeon Lowpoly Pack/Prefabs/03_Blacksmith_01_Anvil.prefab using Guid(6c4f80978ba9d5643881d5508aee3dba) Importer(815301076,1909f56bfc062723c751e8b465ee728b)  -> (artifact id: '9f386a64cb4c5107db90c86ca88505a4') in 0.016785 seconds 
========================================================================
Received Import Request.
  Time since last request: 0.000021 seconds.
  path: Assets/Scenes/CatBorg Studio/3D Dungeon Lowpoly Pack/Prefabs/03_Blacksmith_01_CooperBar.prefab
  artifactKey: Guid(d9c87df41475ca343b77b12b71160898) Importer(815301076,1909f56bfc062723c751e8b465ee728b)
Start importing Assets/Scenes/CatBorg Studio/3D Dungeon Lowpoly Pack/Prefabs/03_Blacksmith_01_CooperBar.prefab using Guid(d9c87df41475ca343b77b12b71160898) Importer(815301076,1909f56bfc062723c751e8b465ee728b)  -> (artifact id: '042a5cee55e952d2e6fcae38e83bd9a1') in 0.016989 seconds 
========================================================================
Received Import Request.
  Time since last request: 0.000023 seconds.
  path: Assets/Scenes/CatBorg Studio/3D Dungeon Lowpoly Pack/Prefabs/03_Blacksmith_01_Blower.prefab
  artifactKey: Guid(a39dd3b8bbc8afd46aba5478c68d400c) Importer(815301076,1909f56bfc062723c751e8b465ee728b)
Start importing Assets/Scenes/CatBorg Studio/3D Dungeon Lowpoly Pack/Prefabs/03_Blacksmith_01_Blower.prefab using Guid(a39dd3b8bbc8afd46aba5478c68d400c) Importer(815301076,1909f56bfc062723c751e8b465ee728b)  -> (artifact id: 'c8f1a943ab4a036234bdda235582e229') in 0.016593 seconds 
========================================================================
Received Import Request.
  Time since last request: 0.000032 seconds.
  path: Assets/Scenes/CatBorg Studio/3D Dungeon Lowpoly Pack/Prefabs/03_Blacksmith_01_GrindingWheel_Wheel.prefab
  artifactKey: Guid(7bd3fc177c86cf84a8b27ba2398c2977) Importer(815301076,1909f56bfc062723c751e8b465ee728b)
Start importing Assets/Scenes/CatBorg Studio/3D Dungeon Lowpoly Pack/Prefabs/03_Blacksmith_01_GrindingWheel_Wheel.prefab using Guid(7bd3fc177c86cf84a8b27ba2398c2977) Importer(815301076,1909f56bfc062723c751e8b465ee728b)  -> (artifact id: '705be01e746aa6d87b36156caafbfede') in 0.014901 seconds 
========================================================================
Received Import Request.
  Time since last request: 0.028301 seconds.
  path: Assets/Scenes/CatBorg Studio/3D Dungeon Lowpoly Pack/Prefabs/03_Blacksmith_01_Hammer#1.prefab
  artifactKey: Guid(b14c26b3ab0a0a54a98340c8d9fb1fff) Importer(815301076,1909f56bfc062723c751e8b465ee728b)
Start importing Assets/Scenes/CatBorg Studio/3D Dungeon Lowpoly Pack/Prefabs/03_Blacksmith_01_Hammer#1.prefab using Guid(b14c26b3ab0a0a54a98340c8d9fb1fff) Importer(815301076,1909f56bfc062723c751e8b465ee728b)  -> (artifact id: 'e2db4ec477d0409a9c9dd575a05affb5') in 0.016515 seconds 
========================================================================
Received Import Request.
  Time since last request: 0.000022 seconds.
  path: Assets/Scenes/CatBorg Studio/3D Dungeon Lowpoly Pack/Prefabs/04_Bedroom_01_Beed_1.prefab
  artifactKey: Guid(865ce0ffbc6ec67439fa4bc74c14bd0d) Importer(815301076,1909f56bfc062723c751e8b465ee728b)
Start importing Assets/Scenes/CatBorg Studio/3D Dungeon Lowpoly Pack/Prefabs/04_Bedroom_01_Beed_1.prefab using Guid(865ce0ffbc6ec67439fa4bc74c14bd0d) Importer(815301076,1909f56bfc062723c751e8b465ee728b)  -> (artifact id: '4967562b34e633a749d16af50292d74a') in 0.020643 seconds 
========================================================================
Received Import Request.
  Time since last request: 0.000058 seconds.
  path: Assets/Scenes/CatBorg Studio/3D Dungeon Lowpoly Pack/Prefabs/04_Bedroom_01_Beed_4.prefab
  artifactKey: Guid(3663fe85de2b3634e8ec440c8b8c3dca) Importer(815301076,1909f56bfc062723c751e8b465ee728b)
Start importing Assets/Scenes/CatBorg Studio/3D Dungeon Lowpoly Pack/Prefabs/04_Bedroom_01_Beed_4.prefab using Guid(3663fe85de2b3634e8ec440c8b8c3dca) Importer(815301076,1909f56bfc062723c751e8b465ee728b)  -> (artifact id: '15a3c475681c8531359c91854037c889') in 0.015403 seconds 
========================================================================
Received Import Request.
  Time since last request: 0.000030 seconds.
  path: Assets/Scenes/CatBorg Studio/3D Dungeon Lowpoly Pack/Prefabs/03_Blacksmith_01_IronBar.prefab
  artifactKey: Guid(793d90f1b3ced354d80bd73df4e73c1e) Importer(815301076,1909f56bfc062723c751e8b465ee728b)
Start importing Assets/Scenes/CatBorg Studio/3D Dungeon Lowpoly Pack/Prefabs/03_Blacksmith_01_IronBar.prefab using Guid(793d90f1b3ced354d80bd73df4e73c1e) Importer(815301076,1909f56bfc062723c751e8b465ee728b)  -> (artifact id: '67b2ca9d9360ca3ac7b6ece4f323966d') in 0.015524 seconds 
========================================================================
Received Import Request.
  Time since last request: 0.000036 seconds.
  path: Assets/Scenes/CatBorg Studio/3D Dungeon Lowpoly Pack/Prefabs/04_Bedroom_01_Beed_3.prefab
  artifactKey: Guid(4242a69f308b1484783adb21b0eecad6) Importer(815301076,1909f56bfc062723c751e8b465ee728b)
Start importing Assets/Scenes/CatBorg Studio/3D Dungeon Lowpoly Pack/Prefabs/04_Bedroom_01_Beed_3.prefab using Guid(4242a69f308b1484783adb21b0eecad6) Importer(815301076,1909f56bfc062723c751e8b465ee728b)  -> (artifact id: '5e750b61c239287490923f2e01de58e5') in 0.016147 seconds 
========================================================================
Received Import Request.
  Time since last request: 0.829180 seconds.
  path: Assets/Scenes/CatBorg Studio/3D Dungeon Lowpoly Pack/Prefabs/04_Bedroom_01_Matrace_ForBeed_2.prefab
  artifactKey: Guid(fa8c17aa3090c2a4e993067b09233bb2) Importer(815301076,1909f56bfc062723c751e8b465ee728b)
Start importing Assets/Scenes/CatBorg Studio/3D Dungeon Lowpoly Pack/Prefabs/04_Bedroom_01_Matrace_ForBeed_2.prefab using Guid(fa8c17aa3090c2a4e993067b09233bb2) Importer(815301076,1909f56bfc062723c751e8b465ee728b)  -> (artifact id: '47b5a779cd73271dd7849c9551bab0be') in 0.021125 seconds 
========================================================================
Received Import Request.
  Time since last request: 0.000035 seconds.
  path: Assets/Scenes/CatBorg Studio/3D Dungeon Lowpoly Pack/Prefabs/97_Othert_Amphora_Destroyable.prefab
  artifactKey: Guid(22c3c9f59017bab44a6af40069e7785f) Importer(815301076,1909f56bfc062723c751e8b465ee728b)
Start importing Assets/Scenes/CatBorg Studio/3D Dungeon Lowpoly Pack/Prefabs/97_Othert_Amphora_Destroyable.prefab using Guid(22c3c9f59017bab44a6af40069e7785f) Importer(815301076,1909f56bfc062723c751e8b465ee728b)  -> (artifact id: 'e05c362ca1e4573ac118126562c79076') in 0.021006 seconds 
========================================================================
Received Import Request.
  Time since last request: 0.000038 seconds.
  path: Assets/Scenes/CatBorg Studio/3D Dungeon Lowpoly Pack/Prefabs/97_Othert_Barrel_Whole.prefab
  artifactKey: Guid(3ddfb275a6af7b54aa0decd735ed4b47) Importer(815301076,1909f56bfc062723c751e8b465ee728b)
Start importing Assets/Scenes/CatBorg Studio/3D Dungeon Lowpoly Pack/Prefabs/97_Othert_Barrel_Whole.prefab using Guid(3ddfb275a6af7b54aa0decd735ed4b47) Importer(815301076,1909f56bfc062723c751e8b465ee728b)  -> (artifact id: 'd1fba1e0068c4c1717489b9e21ce6ee9') in 0.017175 seconds 
========================================================================
Received Import Request.
  Time since last request: 0.000028 seconds.
  path: Assets/Scenes/CatBorg Studio/3D Dungeon Lowpoly Pack/Prefabs/05_Vault_01_Chest_Top#1.prefab
  artifactKey: Guid(7bc40f2a5b27761468e228e387db9d0e) Importer(815301076,1909f56bfc062723c751e8b465ee728b)
Start importing Assets/Scenes/CatBorg Studio/3D Dungeon Lowpoly Pack/Prefabs/05_Vault_01_Chest_Top#1.prefab using Guid(7bc40f2a5b27761468e228e387db9d0e) Importer(815301076,1909f56bfc062723c751e8b465ee728b)  -> (artifact id: '7f1fcefac581b67eee8405bf470ee143') in 0.015232 seconds 
========================================================================
Received Import Request.
  Time since last request: 0.000022 seconds.
  path: Assets/Scenes/CatBorg Studio/3D Dungeon Lowpoly Pack/Prefabs/97_Othert_Amphora_Whole.prefab
  artifactKey: Guid(f2b7b9eae59666f479897a6d26d6850f) Importer(815301076,1909f56bfc062723c751e8b465ee728b)
Start importing Assets/Scenes/CatBorg Studio/3D Dungeon Lowpoly Pack/Prefabs/97_Othert_Amphora_Whole.prefab using Guid(f2b7b9eae59666f479897a6d26d6850f) Importer(815301076,1909f56bfc062723c751e8b465ee728b)  -> (artifact id: 'ee9e7fb45c0e8d0ec46c603afa158f25') in 0.015846 seconds 
========================================================================
Received Import Request.
  Time since last request: 0.000024 seconds.
  path: Assets/Scenes/CatBorg Studio/3D Dungeon Lowpoly Pack/Prefabs/97_Othert_Key_Red_2.prefab
  artifactKey: Guid(6c5174dbb0e1b814d9597e681ececb6a) Importer(815301076,1909f56bfc062723c751e8b465ee728b)
Start importing Assets/Scenes/CatBorg Studio/3D Dungeon Lowpoly Pack/Prefabs/97_Othert_Key_Red_2.prefab using Guid(6c5174dbb0e1b814d9597e681ececb6a) Importer(815301076,1909f56bfc062723c751e8b465ee728b)  -> (artifact id: '9e78e01a06e508ecd21c0781e10cde98') in 0.013906 seconds 
========================================================================
Received Import Request.
  Time since last request: 0.000034 seconds.
  path: Assets/Scenes/CatBorg Studio/3D Dungeon Lowpoly Pack/Prefabs/99_Enviroment_Floor_01.prefab
  artifactKey: Guid(0646289dde1e8a544800d3790d629971) Importer(815301076,1909f56bfc062723c751e8b465ee728b)
Start importing Assets/Scenes/CatBorg Studio/3D Dungeon Lowpoly Pack/Prefabs/99_Enviroment_Floor_01.prefab using Guid(0646289dde1e8a544800d3790d629971) Importer(815301076,1909f56bfc062723c751e8b465ee728b)  -> (artifact id: '90d8bdde8afb80242cdb0a3015d01f01') in 0.013141 seconds 
========================================================================
Received Import Request.
  Time since last request: 0.000023 seconds.
  path: Assets/Scenes/CatBorg Studio/3D Dungeon Lowpoly Pack/Prefabs/99_Decorations_WallBanner_4.prefab
  artifactKey: Guid(2448b7caaace7e64a8790c8d406f1fda) Importer(815301076,1909f56bfc062723c751e8b465ee728b)
Start importing Assets/Scenes/CatBorg Studio/3D Dungeon Lowpoly Pack/Prefabs/99_Decorations_WallBanner_4.prefab using Guid(2448b7caaace7e64a8790c8d406f1fda) Importer(815301076,1909f56bfc062723c751e8b465ee728b)  -> (artifact id: 'eaccadcdc9bb6cca26550c00b3aa95d0') in 0.018196 seconds 
========================================================================
Received Import Request.
  Time since last request: 0.000023 seconds.
  path: Assets/Scenes/CatBorg Studio/3D Dungeon Lowpoly Pack/Prefabs/99_Decorations_WallBanner_5.prefab
  artifactKey: Guid(ec2f295bd6d5a874eae824112a4f523a) Importer(815301076,1909f56bfc062723c751e8b465ee728b)
Start importing Assets/Scenes/CatBorg Studio/3D Dungeon Lowpoly Pack/Prefabs/99_Decorations_WallBanner_5.prefab using Guid(ec2f295bd6d5a874eae824112a4f523a) Importer(815301076,1909f56bfc062723c751e8b465ee728b)  -> (artifact id: 'b36e7b8199c79476fde7b7d65436cf3c') in 0.014597 seconds 
========================================================================
Received Import Request.
  Time since last request: 0.000024 seconds.
  path: Assets/Scenes/CatBorg Studio/3D Dungeon Lowpoly Pack/Prefabs/99_Enviroment_Wall_01.prefab
  artifactKey: Guid(9bbb5245987b43043972821dcbdd765b) Importer(815301076,1909f56bfc062723c751e8b465ee728b)
Start importing Assets/Scenes/CatBorg Studio/3D Dungeon Lowpoly Pack/Prefabs/99_Enviroment_Wall_01.prefab using Guid(9bbb5245987b43043972821dcbdd765b) Importer(815301076,1909f56bfc062723c751e8b465ee728b)  -> (artifact id: '9109e90626f85125da6393c83b78eb9b') in 0.024856 seconds 
========================================================================
Received Import Request.
  Time since last request: 0.000023 seconds.
  path: Assets/Scenes/CatBorg Studio/3D Dungeon Lowpoly Pack/Prefabs/97_Othert_Star.prefab
  artifactKey: Guid(41540e7a0878dde4eba304e204da13e2) Importer(815301076,1909f56bfc062723c751e8b465ee728b)
Start importing Assets/Scenes/CatBorg Studio/3D Dungeon Lowpoly Pack/Prefabs/97_Othert_Star.prefab using Guid(41540e7a0878dde4eba304e204da13e2) Importer(815301076,1909f56bfc062723c751e8b465ee728b)  -> (artifact id: 'a137d97f4ac55252e069fe8f4cce57e8') in 0.014845 seconds 
========================================================================
Received Import Request.
  Time since last request: 0.000022 seconds.
  path: Assets/Scenes/CatBorg Studio/3D Dungeon Lowpoly Pack/Prefabs/99_Enviroment_DoorsFake#1.prefab
  artifactKey: Guid(3f502d62a2f0dba418858bf9e609c6d1) Importer(815301076,1909f56bfc062723c751e8b465ee728b)
Start importing Assets/Scenes/CatBorg Studio/3D Dungeon Lowpoly Pack/Prefabs/99_Enviroment_DoorsFake#1.prefab using Guid(3f502d62a2f0dba418858bf9e609c6d1) Importer(815301076,1909f56bfc062723c751e8b465ee728b)  -> (artifact id: 'd058159ff4dbfc4b6fac0d486d208009') in 0.015569 seconds 
========================================================================
Received Import Request.
  Time since last request: 0.000026 seconds.
  path: Assets/Scenes/CatBorg Studio/3D Dungeon Lowpoly Pack/Prefabs/97_Othert_PracticeTarget.prefab
  artifactKey: Guid(31d2c60b47169154b9e7a30684368870) Importer(815301076,1909f56bfc062723c751e8b465ee728b)
Start importing Assets/Scenes/CatBorg Studio/3D Dungeon Lowpoly Pack/Prefabs/97_Othert_PracticeTarget.prefab using Guid(31d2c60b47169154b9e7a30684368870) Importer(815301076,1909f56bfc062723c751e8b465ee728b)  -> (artifact id: '3916316fdeab612d337fd7ef428fa2e7') in 0.014490 seconds 
========================================================================
Received Import Request.
  Time since last request: 0.000031 seconds.
  path: Assets/Scenes/CatBorg Studio/3D Dungeon Lowpoly Pack/Prefabs/99_Enviroment_Wall_02.prefab
  artifactKey: Guid(dd057b69bb9b25e468854341f1abb5a6) Importer(815301076,1909f56bfc062723c751e8b465ee728b)
Start importing Assets/Scenes/CatBorg Studio/3D Dungeon Lowpoly Pack/Prefabs/99_Enviroment_Wall_02.prefab using Guid(dd057b69bb9b25e468854341f1abb5a6) Importer(815301076,1909f56bfc062723c751e8b465ee728b)  -> (artifact id: 'a2260cfe6c22f87d65cac716d3f160c8') in 0.016803 seconds 
========================================================================
Received Import Request.
  Time since last request: 0.000041 seconds.
  path: Assets/Scenes/CatBorg Studio/3D Dungeon Lowpoly Pack/Prefabs/05_Vault_01_Rubin#1.prefab
  artifactKey: Guid(b2d7c00e4dc018c498db89622b61d510) Importer(815301076,1909f56bfc062723c751e8b465ee728b)
Start importing Assets/Scenes/CatBorg Studio/3D Dungeon Lowpoly Pack/Prefabs/05_Vault_01_Rubin#1.prefab using Guid(b2d7c00e4dc018c498db89622b61d510) Importer(815301076,1909f56bfc062723c751e8b465ee728b)  -> (artifact id: '50ff8cdf0d3dfc69752b85b30ad42bd1') in 0.015736 seconds 
========================================================================
Received Import Request.
  Time since last request: 0.000032 seconds.
  path: Assets/Scenes/CatBorg Studio/3D Dungeon Lowpoly Pack/Prefabs/97_Othert_Key_Yellow.prefab
  artifactKey: Guid(8e6bcd71fb429ed4cab90a908277c517) Importer(815301076,1909f56bfc062723c751e8b465ee728b)
Start importing Assets/Scenes/CatBorg Studio/3D Dungeon Lowpoly Pack/Prefabs/97_Othert_Key_Yellow.prefab using Guid(8e6bcd71fb429ed4cab90a908277c517) Importer(815301076,1909f56bfc062723c751e8b465ee728b)  -> (artifact id: '044533068ffa6e4eeb1167ba1aa4b5e1') in 0.020658 seconds 
