Using pre-set license
Built from '2021.3/staging' branch; Version is '2021.3.19f1 (c9714fde33b6) revision 13201743'; Using compiler version '192829333'; Build Type 'Release'
OS: 'Windows 10  (10.0.19045) 64bit Education' Language: 'en' Physical Memory: 16196 MB
BatchMode: 1, IsHumanControllingUs: 0, StartBugReporterOnCrash: 0, Is64bit: 1, IsPro: 1

COMMAND LINE ARGUMENTS:
C:\Program Files\Unity\Hub\Editor\2021.3.19f1\Editor\Unity.exe
-adb2
-batchMode
-noUpm
-name
AssetImportWorker1
-projectPath
C:/Users/Dell/Documents/Mywork/Lab CAG
-logFile
Logs/AssetImportWorker1.log
-srvPort
50753
Successfully changed project path to: C:/Users/Dell/Documents/Mywork/Lab CAG
C:/Users/Dell/Documents/Mywork/Lab CAG
[UnityMemory] Configuration Parameters - Can be set up in boot.config
    "memorysetup-bucket-allocator-granularity=16"
    "memorysetup-bucket-allocator-bucket-count=8"
    "memorysetup-bucket-allocator-block-size=33554432"
    "memorysetup-bucket-allocator-block-count=8"
    "memorysetup-main-allocator-block-size=16777216"
    "memorysetup-thread-allocator-block-size=16777216"
    "memorysetup-gfx-main-allocator-block-size=16777216"
    "memorysetup-gfx-thread-allocator-block-size=16777216"
    "memorysetup-cache-allocator-block-size=4194304"
    "memorysetup-typetree-allocator-block-size=2097152"
    "memorysetup-profiler-bucket-allocator-granularity=16"
    "memorysetup-profiler-bucket-allocator-bucket-count=8"
    "memorysetup-profiler-bucket-allocator-block-size=33554432"
    "memorysetup-profiler-bucket-allocator-block-count=8"
    "memorysetup-profiler-allocator-block-size=16777216"
    "memorysetup-profiler-editor-allocator-block-size=1048576"
    "memorysetup-temp-allocator-size-main=16777216"
    "memorysetup-job-temp-allocator-block-size=2097152"
    "memorysetup-job-temp-allocator-block-size-background=1048576"
    "memorysetup-job-temp-allocator-reduction-small-platforms=262144"
    "memorysetup-temp-allocator-size-background-worker=32768"
    "memorysetup-temp-allocator-size-job-worker=262144"
    "memorysetup-temp-allocator-size-preload-manager=33554432"
    "memorysetup-temp-allocator-size-nav-mesh-worker=65536"
    "memorysetup-temp-allocator-size-audio-worker=65536"
    "memorysetup-temp-allocator-size-cloud-worker=32768"
    "memorysetup-temp-allocator-size-gi-baking-worker=262144"
    "memorysetup-temp-allocator-size-gfx=262144"
Player connection [24524] Host "[IP] 10.150.43.205 [Port] 0 [Flags] 2 [Guid] 2289823143 [EditorId] 2289823143 [Version] 1048832 [Id] WindowsEditor(7,DESKTOP-L2FVF0J) [Debug] 1 [PackageName] WindowsEditor [ProjectName] Editor" joined multi-casting on [225.0.0.222:54997]...

Player connection [24524] Host "[IP] 10.150.43.205 [Port] 0 [Flags] 2 [Guid] 2289823143 [EditorId] 2289823143 [Version] 1048832 [Id] WindowsEditor(7,DESKTOP-L2FVF0J) [Debug] 1 [PackageName] WindowsEditor [ProjectName] Editor" joined alternative multi-casting on [225.0.0.222:34997]...

Refreshing native plugins compatible for Editor in 99.78 ms, found 3 plugins.
Preloading 0 native plugins for Editor in 0.00 ms.
Initialize engine version: 2021.3.19f1 (c9714fde33b6)
[Subsystems] Discovering subsystems at path C:/Program Files/Unity/Hub/Editor/2021.3.19f1/Editor/Data/Resources/UnitySubsystems
[Subsystems] Discovering subsystems at path C:/Users/Dell/Documents/Mywork/Lab CAG/Assets
GfxDevice: creating device client; threaded=0; jobified=0
Direct3D:
    Version:  Direct3D 11.0 [level 11.1]
    Renderer: NVIDIA GeForce RTX 2060 (ID=0x1f11)
    Vendor:   NVIDIA
    VRAM:     5968 MB
    Driver:   31.0.15.3209
Initialize mono
Mono path[0] = 'C:/Program Files/Unity/Hub/Editor/2021.3.19f1/Editor/Data/Managed'
Mono path[1] = 'C:/Program Files/Unity/Hub/Editor/2021.3.19f1/Editor/Data/MonoBleedingEdge/lib/mono/unityjit-win32'
Mono config path = 'C:/Program Files/Unity/Hub/Editor/2021.3.19f1/Editor/Data/MonoBleedingEdge/etc'
Using monoOptions --debugger-agent=transport=dt_socket,embedding=1,server=y,suspend=n,address=127.0.0.1:56820
Begin MonoManager ReloadAssembly
Registering precompiled unity dll's ...
Register platform support module: C:/Program Files/Unity/Hub/Editor/2021.3.19f1/Editor/Data/PlaybackEngines/WindowsStandaloneSupport/UnityEditor.WindowsStandalone.Extensions.dll
Registered in 0.014837 seconds.
Native extension for WindowsStandalone target not found
Refreshing native plugins compatible for Editor in 123.44 ms, found 3 plugins.
Preloading 0 native plugins for Editor in 0.00 ms.
Mono: successfully reloaded assembly
- Completed reload, in  0.980 seconds
Domain Reload Profiling:
	ReloadAssembly (981ms)
		BeginReloadAssembly (120ms)
			ExecutionOrderSort (0ms)
			DisableScriptedObjects (0ms)
			BackupInstance (0ms)
			ReleaseScriptingObjects (0ms)
			CreateAndSetChildDomain (1ms)
		EndReloadAssembly (700ms)
			LoadAssemblies (113ms)
			RebuildTransferFunctionScriptingTraits (0ms)
			SetupTypeCache (141ms)
			ReleaseScriptCaches (0ms)
			RebuildScriptCaches (47ms)
			SetupLoadedEditorAssemblies (432ms)
				LogAssemblyErrors (0ms)
				InitializePlatformSupportModulesInManaged (13ms)
				SetLoadedEditorAssemblies (0ms)
				RefreshPlugins (124ms)
				BeforeProcessingInitializeOnLoad (2ms)
				ProcessInitializeOnLoadAttributes (228ms)
				ProcessInitializeOnLoadMethodAttributes (65ms)
				AfterProcessingInitializeOnLoad (0ms)
				EditorAssembliesLoaded (0ms)
			ExecutionOrderSort2 (0ms)
			AwakeInstancesAfterBackupRestoration (0ms)
Platform modules already initialized, skipping
Registering precompiled user dll's ...
Registered in 0.008530 seconds.
Begin MonoManager ReloadAssembly
Symbol file LoadedFromMemory doesn't match image C:\Users\Dell\Documents\Mywork\Lab CAG\Library\PackageCache\com.unity.visualscripting@1.8.0\Editor\VisualScripting.Core\Dependencies\YamlDotNet\Unity.VisualScripting.YamlDotNet.dll
Symbol file LoadedFromMemory doesn't match image C:\Users\Dell\Documents\Mywork\Lab CAG\Library\PackageCache\com.unity.visualscripting@1.8.0\Editor\VisualScripting.Core\Dependencies\DotNetZip\Unity.VisualScripting.IonicZip.dll
Native extension for WindowsStandalone target not found
Refreshing native plugins compatible for Editor in 0.49 ms, found 3 plugins.
Preloading 0 native plugins for Editor in 0.00 ms.
Mono: successfully reloaded assembly
- Completed reload, in  1.681 seconds
Domain Reload Profiling:
	ReloadAssembly (1682ms)
		BeginReloadAssembly (234ms)
			ExecutionOrderSort (0ms)
			DisableScriptedObjects (11ms)
			BackupInstance (0ms)
			ReleaseScriptingObjects (0ms)
			CreateAndSetChildDomain (39ms)
		EndReloadAssembly (1224ms)
			LoadAssemblies (171ms)
			RebuildTransferFunctionScriptingTraits (0ms)
			SetupTypeCache (476ms)
			ReleaseScriptCaches (1ms)
			RebuildScriptCaches (65ms)
			SetupLoadedEditorAssemblies (496ms)
				LogAssemblyErrors (0ms)
				InitializePlatformSupportModulesInManaged (7ms)
				SetLoadedEditorAssemblies (1ms)
				RefreshPlugins (1ms)
				BeforeProcessingInitializeOnLoad (109ms)
				ProcessInitializeOnLoadAttributes (337ms)
				ProcessInitializeOnLoadMethodAttributes (28ms)
				AfterProcessingInitializeOnLoad (13ms)
				EditorAssembliesLoaded (0ms)
			ExecutionOrderSort2 (0ms)
			AwakeInstancesAfterBackupRestoration (7ms)
Platform modules already initialized, skipping
========================================================================
Worker process is ready to serve import requests
Launched and connected shader compiler UnityShaderCompiler.exe after 0.08 seconds
Refreshing native plugins compatible for Editor in 1.31 ms, found 3 plugins.
Preloading 0 native plugins for Editor in 0.00 ms.
Unloading 3047 Unused Serialized files (Serialized files now loaded: 0)
Unloading 24 unused Assets / (113.4 KB). Loaded Objects now: 3507.
Memory consumption went from 107.5 MB to 107.4 MB.
Total: 4.800300 ms (FindLiveObjects: 0.386500 ms CreateObjectMapping: 0.353800 ms MarkObjects: 3.852600 ms  DeleteObjects: 0.206200 ms)

AssetImportParameters requested are different than current active one (requested -> active):
  custom:video-decoder-ogg-theora: a1e56fd34408186e4bbccfd4996cb3dc -> 
  custom:container-muxer-webm: aa71ff27fc2769a1b78a27578f13a17b -> 
  custom:container-demuxer-webm: 4f35f7cbe854078d1ac9338744f61a02 -> 
  custom:video-encoder-webm-vp8: eb34c28f22e8b96e1ab97ce403110664 -> 
  custom:audio-encoder-webm-vorbis: bf7c407c2cedff20999df2af8eb42d56 -> 
  custom:framework-win-MediaFoundation: 216162199b28c13a410421893ffa2e32 -> 
  custom:container-demuxer-ogg: 62fdf1f143b41e24485cea50d1cbac27 -> 
  custom:video-decoder-webm-vp8: 9c59270c3fd7afecdb556c50c9e8de78 -> 
  custom:audio-decoder-ogg-vorbis: bf7c407c2cedff20999df2af8eb42d56 -> 
========================================================================
Received Import Request.
  Time since last request: 240975.726997 seconds.
  path: Assets/Scenes/CatBorg Studio/3D Dungeon Lowpoly Pack
  artifactKey: Guid(1721a1f9d2e39d84caa64f4a81f4af70) Importer(815301076,1909f56bfc062723c751e8b465ee728b)
Start importing Assets/Scenes/CatBorg Studio/3D Dungeon Lowpoly Pack using Guid(1721a1f9d2e39d84caa64f4a81f4af70) Importer(815301076,1909f56bfc062723c751e8b465ee728b)  -> (artifact id: '0a4105415ccc454f4ecf6f0d0711e2fa') in 0.011490 seconds 
========================================================================
Received Import Request.
  Time since last request: 5.098699 seconds.
  path: Assets/Scenes/CatBorg Studio/3D Dungeon Lowpoly Pack/Prefabs/01_DiningHall_01_Bottle#2.prefab
  artifactKey: Guid(26b95fa21dfcfeb4fb4aea448e8d05c3) Importer(815301076,1909f56bfc062723c751e8b465ee728b)
Start importing Assets/Scenes/CatBorg Studio/3D Dungeon Lowpoly Pack/Prefabs/01_DiningHall_01_Bottle#2.prefab using Guid(26b95fa21dfcfeb4fb4aea448e8d05c3) Importer(815301076,1909f56bfc062723c751e8b465ee728b)  -> (artifact id: 'ca7916a0d10cdd5aba4119da0ce6cb03') in 0.656272 seconds 
========================================================================
Received Import Request.
  Time since last request: 0.000039 seconds.
  path: Assets/Scenes/CatBorg Studio/3D Dungeon Lowpoly Pack/Prefabs/01_Library_01_Chear_High#1.prefab
  artifactKey: Guid(a81f44cd09f9df54fac3fd8623a66806) Importer(815301076,1909f56bfc062723c751e8b465ee728b)
Start importing Assets/Scenes/CatBorg Studio/3D Dungeon Lowpoly Pack/Prefabs/01_Library_01_Chear_High#1.prefab using Guid(a81f44cd09f9df54fac3fd8623a66806) Importer(815301076,1909f56bfc062723c751e8b465ee728b)  -> (artifact id: '850d688b340cd17a31c73640296163a3') in 0.016176 seconds 
========================================================================
Received Import Request.
  Time since last request: 0.000038 seconds.
  path: Assets/Scenes/CatBorg Studio/3D Dungeon Lowpoly Pack/Prefabs/02_Kitchen_01_CookingPot#1_Stander.prefab
  artifactKey: Guid(6f96ed54204e1b04ba9e374d43f51bd6) Importer(815301076,1909f56bfc062723c751e8b465ee728b)
Start importing Assets/Scenes/CatBorg Studio/3D Dungeon Lowpoly Pack/Prefabs/02_Kitchen_01_CookingPot#1_Stander.prefab using Guid(6f96ed54204e1b04ba9e374d43f51bd6) Importer(815301076,1909f56bfc062723c751e8b465ee728b)  -> (artifact id: '8d10b2118332823cd0d75773ee867b60') in 0.015434 seconds 
========================================================================
Received Import Request.
  Time since last request: 0.000023 seconds.
  path: Assets/Scenes/CatBorg Studio/3D Dungeon Lowpoly Pack/Prefabs/02_Kitchen_01_CuttingBoard.prefab
  artifactKey: Guid(971e70123fa0f8540bb03284db541417) Importer(815301076,1909f56bfc062723c751e8b465ee728b)
Start importing Assets/Scenes/CatBorg Studio/3D Dungeon Lowpoly Pack/Prefabs/02_Kitchen_01_CuttingBoard.prefab using Guid(971e70123fa0f8540bb03284db541417) Importer(815301076,1909f56bfc062723c751e8b465ee728b)  -> (artifact id: 'a536e10b986712da27d43f82883974c7') in 0.013622 seconds 
========================================================================
Received Import Request.
  Time since last request: 0.000029 seconds.
  path: Assets/Scenes/CatBorg Studio/3D Dungeon Lowpoly Pack/Prefabs/01_DiningHall_01_Bottle#3.prefab
  artifactKey: Guid(0ce7cbb5cae6c0449bd02794ea78317f) Importer(815301076,1909f56bfc062723c751e8b465ee728b)
Start importing Assets/Scenes/CatBorg Studio/3D Dungeon Lowpoly Pack/Prefabs/01_DiningHall_01_Bottle#3.prefab using Guid(0ce7cbb5cae6c0449bd02794ea78317f) Importer(815301076,1909f56bfc062723c751e8b465ee728b)  -> (artifact id: '2c7eaefbb2aee92de5b70a9f96070a67') in 0.649839 seconds 
========================================================================
Received Import Request.
  Time since last request: 20.763715 seconds.
  path: Assets/Scenes/CatBorg Studio/3D Dungeon Lowpoly Pack/Prefabs/03_Blacksmith_01_AnvilStand.prefab
  artifactKey: Guid(a20ce41344aafe441a6a2effbc752c3e) Importer(815301076,1909f56bfc062723c751e8b465ee728b)
Start importing Assets/Scenes/CatBorg Studio/3D Dungeon Lowpoly Pack/Prefabs/03_Blacksmith_01_AnvilStand.prefab using Guid(a20ce41344aafe441a6a2effbc752c3e) Importer(815301076,1909f56bfc062723c751e8b465ee728b)  -> (artifact id: '6ecdd485df3528a8f5e9e671a1d8f635') in 0.016428 seconds 
========================================================================
Received Import Request.
  Time since last request: 0.000022 seconds.
  path: Assets/Scenes/CatBorg Studio/3D Dungeon Lowpoly Pack/Prefabs/03_Blacksmith_01_Forge.prefab
  artifactKey: Guid(375aacc276d724f41b0baa76221478d3) Importer(815301076,1909f56bfc062723c751e8b465ee728b)
Start importing Assets/Scenes/CatBorg Studio/3D Dungeon Lowpoly Pack/Prefabs/03_Blacksmith_01_Forge.prefab using Guid(375aacc276d724f41b0baa76221478d3) Importer(815301076,1909f56bfc062723c751e8b465ee728b)  -> (artifact id: '05360791061ad520ec8f7e787d9fc67f') in 0.022421 seconds 
========================================================================
Received Import Request.
  Time since last request: 0.000024 seconds.
  path: Assets/Scenes/CatBorg Studio/3D Dungeon Lowpoly Pack/Prefabs/03_Blacksmith_01_GrindingWheel_Frame.prefab
  artifactKey: Guid(53ae3832d83089f4abb4091017ba91f6) Importer(815301076,1909f56bfc062723c751e8b465ee728b)
Start importing Assets/Scenes/CatBorg Studio/3D Dungeon Lowpoly Pack/Prefabs/03_Blacksmith_01_GrindingWheel_Frame.prefab using Guid(53ae3832d83089f4abb4091017ba91f6) Importer(815301076,1909f56bfc062723c751e8b465ee728b)  -> (artifact id: '4b698567310beff3ccbc2e6333f3fd18') in 0.017398 seconds 
========================================================================
Received Import Request.
  Time since last request: 0.047255 seconds.
  path: Assets/Scenes/CatBorg Studio/3D Dungeon Lowpoly Pack/Prefabs/03_Blacksmith_01_Hammer#2.prefab
  artifactKey: Guid(d71513e356a6264478e901eb30867760) Importer(815301076,1909f56bfc062723c751e8b465ee728b)
Start importing Assets/Scenes/CatBorg Studio/3D Dungeon Lowpoly Pack/Prefabs/03_Blacksmith_01_Hammer#2.prefab using Guid(d71513e356a6264478e901eb30867760) Importer(815301076,1909f56bfc062723c751e8b465ee728b)  -> (artifact id: 'cebb8acc347d3cd439a736e3b051ce73') in 0.015644 seconds 
========================================================================
Received Import Request.
  Time since last request: 0.000027 seconds.
  path: Assets/Scenes/CatBorg Studio/3D Dungeon Lowpoly Pack/Prefabs/04_Bedroom_01_Beed_2.prefab
  artifactKey: Guid(4c99ccd66904b4f41b452d4403e13bd0) Importer(815301076,1909f56bfc062723c751e8b465ee728b)
Start importing Assets/Scenes/CatBorg Studio/3D Dungeon Lowpoly Pack/Prefabs/04_Bedroom_01_Beed_2.prefab using Guid(4c99ccd66904b4f41b452d4403e13bd0) Importer(815301076,1909f56bfc062723c751e8b465ee728b)  -> (artifact id: '18c00b0f8eaa5106ce41968d31e3c653') in 0.020471 seconds 
========================================================================
Received Import Request.
  Time since last request: 0.000049 seconds.
  path: Assets/Scenes/CatBorg Studio/3D Dungeon Lowpoly Pack/Prefabs/03_Blacksmith_01_WoodenRack.prefab
  artifactKey: Guid(6fbf4207e2fef5e4687d16c507fc055b) Importer(815301076,1909f56bfc062723c751e8b465ee728b)
Start importing Assets/Scenes/CatBorg Studio/3D Dungeon Lowpoly Pack/Prefabs/03_Blacksmith_01_WoodenRack.prefab using Guid(6fbf4207e2fef5e4687d16c507fc055b) Importer(815301076,1909f56bfc062723c751e8b465ee728b)  -> (artifact id: '8fb812323c6979676249f0a47fb136c0') in 0.188071 seconds 
========================================================================
Received Import Request.
  Time since last request: 0.708440 seconds.
  path: Assets/Scenes/CatBorg Studio/3D Dungeon Lowpoly Pack/Prefabs/05_Vault_01_Chest_Bottom#1.prefab
  artifactKey: Guid(ceddce4fa21192b4894d7164957a9fa9) Importer(815301076,1909f56bfc062723c751e8b465ee728b)
Start importing Assets/Scenes/CatBorg Studio/3D Dungeon Lowpoly Pack/Prefabs/05_Vault_01_Chest_Bottom#1.prefab using Guid(ceddce4fa21192b4894d7164957a9fa9) Importer(815301076,1909f56bfc062723c751e8b465ee728b)  -> (artifact id: '482a434ad2646f67cfeeed2efc0dbc24') in 0.021672 seconds 
========================================================================
Received Import Request.
  Time since last request: 0.000035 seconds.
  path: Assets/Scenes/CatBorg Studio/3D Dungeon Lowpoly Pack/Prefabs/96_Traps_Trap_RamTower.prefab
  artifactKey: Guid(eef7a51b8a7ba6a4bad2bd1f471c7590) Importer(815301076,1909f56bfc062723c751e8b465ee728b)
Start importing Assets/Scenes/CatBorg Studio/3D Dungeon Lowpoly Pack/Prefabs/96_Traps_Trap_RamTower.prefab using Guid(eef7a51b8a7ba6a4bad2bd1f471c7590) Importer(815301076,1909f56bfc062723c751e8b465ee728b)  -> (artifact id: '0586b95aee9b56a73001684d4c48d7ef') in 0.022991 seconds 
========================================================================
Received Import Request.
  Time since last request: 0.000033 seconds.
  path: Assets/Scenes/CatBorg Studio/3D Dungeon Lowpoly Pack/Prefabs/97_Othert_Barrel_MK2.prefab
  artifactKey: Guid(3df9b2ddf5f6382488f21cad82623b16) Importer(815301076,1909f56bfc062723c751e8b465ee728b)
Start importing Assets/Scenes/CatBorg Studio/3D Dungeon Lowpoly Pack/Prefabs/97_Othert_Barrel_MK2.prefab using Guid(3df9b2ddf5f6382488f21cad82623b16) Importer(815301076,1909f56bfc062723c751e8b465ee728b)  -> (artifact id: '3311405f18b150fe6f93a875a94f1108') in 0.029434 seconds 
========================================================================
Received Import Request.
  Time since last request: 0.000031 seconds.
  path: Assets/Scenes/CatBorg Studio/3D Dungeon Lowpoly Pack/Prefabs/96_Traps_Trap_FloorWheel.prefab
  artifactKey: Guid(4feb7b624b286a94fb775672e6643c9f) Importer(815301076,1909f56bfc062723c751e8b465ee728b)
Start importing Assets/Scenes/CatBorg Studio/3D Dungeon Lowpoly Pack/Prefabs/96_Traps_Trap_FloorWheel.prefab using Guid(4feb7b624b286a94fb775672e6643c9f) Importer(815301076,1909f56bfc062723c751e8b465ee728b)  -> (artifact id: '76ac8b7e5c8e9af217f138d535661524') in 0.017066 seconds 
========================================================================
Received Import Request.
  Time since last request: 0.000025 seconds.
  path: Assets/Scenes/CatBorg Studio/3D Dungeon Lowpoly Pack/Prefabs/97_Othert_Key_Green_2.prefab
  artifactKey: Guid(06e0f718c84ed394a909af3edcfc9693) Importer(815301076,1909f56bfc062723c751e8b465ee728b)
Start importing Assets/Scenes/CatBorg Studio/3D Dungeon Lowpoly Pack/Prefabs/97_Othert_Key_Green_2.prefab using Guid(06e0f718c84ed394a909af3edcfc9693) Importer(815301076,1909f56bfc062723c751e8b465ee728b)  -> (artifact id: '235f7ca831c298c9c11a4a28c07c447a') in 0.015511 seconds 
========================================================================
Received Import Request.
  Time since last request: 0.000048 seconds.
  path: Assets/Scenes/CatBorg Studio/3D Dungeon Lowpoly Pack/Prefabs/99_Enviroment_Floor_03.prefab
  artifactKey: Guid(0b9060156802c1c45925fc0536b9bd44) Importer(815301076,1909f56bfc062723c751e8b465ee728b)
Start importing Assets/Scenes/CatBorg Studio/3D Dungeon Lowpoly Pack/Prefabs/99_Enviroment_Floor_03.prefab using Guid(0b9060156802c1c45925fc0536b9bd44) Importer(815301076,1909f56bfc062723c751e8b465ee728b)  -> (artifact id: 'c0489e7122902e808b261c8c2ffa5018') in 0.013966 seconds 
========================================================================
Received Import Request.
  Time since last request: 0.000034 seconds.
  path: Assets/Scenes/CatBorg Studio/3D Dungeon Lowpoly Pack/Prefabs/99_Enviroment_DoorsFake#2.prefab
  artifactKey: Guid(efb35fe6231a35c4cb63624fe901ed92) Importer(815301076,1909f56bfc062723c751e8b465ee728b)
Start importing Assets/Scenes/CatBorg Studio/3D Dungeon Lowpoly Pack/Prefabs/99_Enviroment_DoorsFake#2.prefab using Guid(efb35fe6231a35c4cb63624fe901ed92) Importer(815301076,1909f56bfc062723c751e8b465ee728b)  -> (artifact id: 'fee8050a46775ae83d77e8e91f92ac45') in 0.013752 seconds 
========================================================================
Received Import Request.
  Time since last request: 0.000020 seconds.
  path: Assets/Scenes/CatBorg Studio/3D Dungeon Lowpoly Pack/Prefabs/99_Enviroment_Floor_05.prefab
  artifactKey: Guid(de6e8ec0b4ccf7a42ba81b3b399f3256) Importer(815301076,1909f56bfc062723c751e8b465ee728b)
Start importing Assets/Scenes/CatBorg Studio/3D Dungeon Lowpoly Pack/Prefabs/99_Enviroment_Floor_05.prefab using Guid(de6e8ec0b4ccf7a42ba81b3b399f3256) Importer(815301076,1909f56bfc062723c751e8b465ee728b)  -> (artifact id: '2d64b59b098a9cec3f10a52463e37621') in 0.013715 seconds 
========================================================================
Received Import Request.
  Time since last request: 0.000029 seconds.
  path: Assets/Scenes/CatBorg Studio/3D Dungeon Lowpoly Pack/Prefabs/97_Othert_Key_Red.prefab
  artifactKey: Guid(fb7a8fe8399823041b978461ce797a7f) Importer(815301076,1909f56bfc062723c751e8b465ee728b)
Start importing Assets/Scenes/CatBorg Studio/3D Dungeon Lowpoly Pack/Prefabs/97_Othert_Key_Red.prefab using Guid(fb7a8fe8399823041b978461ce797a7f) Importer(815301076,1909f56bfc062723c751e8b465ee728b)  -> (artifact id: '118e69217f06b5640ba72280398b385d') in 0.013852 seconds 
========================================================================
Received Import Request.
  Time since last request: 0.000027 seconds.
  path: Assets/Scenes/CatBorg Studio/3D Dungeon Lowpoly Pack/Prefabs/97_Othert_Torch_1.prefab
  artifactKey: Guid(6efb1860217d72445b1b6d7cfb4f8979) Importer(815301076,1909f56bfc062723c751e8b465ee728b)
Start importing Assets/Scenes/CatBorg Studio/3D Dungeon Lowpoly Pack/Prefabs/97_Othert_Torch_1.prefab using Guid(6efb1860217d72445b1b6d7cfb4f8979) Importer(815301076,1909f56bfc062723c751e8b465ee728b)  -> (artifact id: 'a49de1af31bc61fb597d38bdb2810d49') in 0.021095 seconds 
========================================================================
Received Import Request.
  Time since last request: 0.000024 seconds.
  path: Assets/Scenes/CatBorg Studio/3D Dungeon Lowpoly Pack/Prefabs/97_Othert_Key_Yellow_2.prefab
  artifactKey: Guid(38a240940317c744cbcd24ae027df742) Importer(815301076,1909f56bfc062723c751e8b465ee728b)
Start importing Assets/Scenes/CatBorg Studio/3D Dungeon Lowpoly Pack/Prefabs/97_Othert_Key_Yellow_2.prefab using Guid(38a240940317c744cbcd24ae027df742) Importer(815301076,1909f56bfc062723c751e8b465ee728b)  -> (artifact id: '0db1174814e9e407d5f2bce644c866b7') in 0.013220 seconds 
========================================================================
Received Import Request.
  Time since last request: 0.000025 seconds.
  path: Assets/Scenes/CatBorg Studio/3D Dungeon Lowpoly Pack/Prefabs/99_Enviroment_Column_Rocky_1.prefab
  artifactKey: Guid(f58268a6683cb49408153b9982f987ec) Importer(815301076,1909f56bfc062723c751e8b465ee728b)
Start importing Assets/Scenes/CatBorg Studio/3D Dungeon Lowpoly Pack/Prefabs/99_Enviroment_Column_Rocky_1.prefab using Guid(f58268a6683cb49408153b9982f987ec) Importer(815301076,1909f56bfc062723c751e8b465ee728b)  -> (artifact id: '0a109cc2059dc8f08be67b5679209bc5') in 0.013548 seconds 
========================================================================
Received Import Request.
  Time since last request: 0.000025 seconds.
  path: Assets/Scenes/CatBorg Studio/3D Dungeon Lowpoly Pack/Prefabs/97_Othert_Splash_1.prefab
  artifactKey: Guid(d34bde90053bf2a4d843e3c500a0fb4e) Importer(815301076,1909f56bfc062723c751e8b465ee728b)
Start importing Assets/Scenes/CatBorg Studio/3D Dungeon Lowpoly Pack/Prefabs/97_Othert_Splash_1.prefab using Guid(d34bde90053bf2a4d843e3c500a0fb4e) Importer(815301076,1909f56bfc062723c751e8b465ee728b)  -> (artifact id: 'bc76f1b6b91e00612f526a61217f10a9') in 0.012745 seconds 
========================================================================
Received Import Request.
  Time since last request: 0.000025 seconds.
  path: Assets/Scenes/CatBorg Studio/3D Dungeon Lowpoly Pack/Prefabs/05_Vault_01_Emerald#1.prefab
  artifactKey: Guid(dd3172e1949ca1b4197adf1c5b340212) Importer(815301076,1909f56bfc062723c751e8b465ee728b)
Start importing Assets/Scenes/CatBorg Studio/3D Dungeon Lowpoly Pack/Prefabs/05_Vault_01_Emerald#1.prefab using Guid(dd3172e1949ca1b4197adf1c5b340212) Importer(815301076,1909f56bfc062723c751e8b465ee728b)  -> (artifact id: '9562034b288822b3e61c5a70ab94930c') in 0.013970 seconds 
========================================================================
Received Import Request.
  Time since last request: 0.000027 seconds.
  path: Assets/Scenes/CatBorg Studio/3D Dungeon Lowpoly Pack/Prefabs/99_Decorations_SpiderWebb_1.prefab
  artifactKey: Guid(db7dcbc5ac2ca674ca387f6baaa2fd47) Importer(815301076,1909f56bfc062723c751e8b465ee728b)
Start importing Assets/Scenes/CatBorg Studio/3D Dungeon Lowpoly Pack/Prefabs/99_Decorations_SpiderWebb_1.prefab using Guid(db7dcbc5ac2ca674ca387f6baaa2fd47) Importer(815301076,1909f56bfc062723c751e8b465ee728b)  -> (artifact id: '1bae51ae33f363995b42d5af08c0a71b') in 0.015276 seconds 
========================================================================
Received Import Request.
  Time since last request: 0.000041 seconds.
  path: Assets/Scenes/CatBorg Studio/3D Dungeon Lowpoly Pack/Prefabs/99_Enviroment_Doors.prefab
  artifactKey: Guid(a88728279c9ff77439e3768970fce445) Importer(815301076,1909f56bfc062723c751e8b465ee728b)
Start importing Assets/Scenes/CatBorg Studio/3D Dungeon Lowpoly Pack/Prefabs/99_Enviroment_Doors.prefab using Guid(a88728279c9ff77439e3768970fce445) Importer(815301076,1909f56bfc062723c751e8b465ee728b)  -> (artifact id: 'aabf527822eac3bd2fd3d01f2b97b534') in 0.015724 seconds 
Editor requested this worker to shutdown with reason: Scaling down because of idle timeout
AssetImportWorker is now disconnected from the server
Process exiting
Exiting without the bug reporter. Application will terminate with return code 0